[debug] [2023-05-01T10:29:34.138Z] ----------------------------------------------------------------------
[debug] [2023-05-01T10:29:34.140Z] Command:       /usr/local/bin/firebase /Users/prashantbhalla/.cache/firebase/tools/lib/node_modules/firebase-tools/lib/bin/firebase init
[debug] [2023-05-01T10:29:34.140Z] CLI Version:   11.29.1
[debug] [2023-05-01T10:29:34.140Z] Platform:      darwin
[debug] [2023-05-01T10:29:34.140Z] Node Version:  v16.16.0
[debug] [2023-05-01T10:29:34.141Z] Time:          Mon May 01 2023 15:59:34 GMT+0530 (India Standard Time)
[debug] [2023-05-01T10:29:34.142Z] ----------------------------------------------------------------------
[debug] 
[debug] [2023-05-01T10:29:34.152Z] > command requires scopes: ["email","openid","https://www.googleapis.com/auth/cloudplatformprojects.readonly","https://www.googleapis.com/auth/firebase","https://www.googleapis.com/auth/cloud-platform"]
[debug] [2023-05-01T10:29:34.154Z] > authorizing via signed-in user (bhallaprashant5@gmail.com)
[info] 
     ######## #### ########  ######## ########     ###     ######  ########
     ##        ##  ##     ## ##       ##     ##  ##   ##  ##       ##
     ######    ##  ########  ######   ########  #########  ######  ######
     ##        ##  ##    ##  ##       ##     ## ##     ##       ## ##
     ##       #### ##     ## ######## ########  ##     ##  ######  ########

You're about to initialize a Firebase project in this directory:

  /Users/prashantbhalla/Desktop/yoyo

[info] 
=== Project Setup
[info] 
[info] First, let's associate this project directory with a Firebase project.
[info] You can create multiple project aliases by running firebase use --add, 
[info] but for now we'll just set up a default project.
[info] 
[debug] [2023-05-01T10:30:14.631Z] >>> [apiv2][query] GET https://firebase.googleapis.com/v1beta1/projects pageSize=100
[debug] [2023-05-01T10:30:16.073Z] <<< [apiv2][status] GET https://firebase.googleapis.com/v1beta1/projects 200
[debug] [2023-05-01T10:30:16.074Z] <<< [apiv2][body] GET https://firebase.googleapis.com/v1beta1/projects [omitted]
[info] i  Using project yoyo-bec72 (yoyo) 
[info] 
=== Hosting Setup
[info] 
[info] Your public directory is the folder (relative to your project directory) that
[info] will contain Hosting assets to be uploaded with firebase deploy. If you
[info] have a build process for your assets, use your build's output directory.
[info] 
[debug] [2023-05-01T10:30:42.736Z] >>> [apiv2][query] GET https://www.gstatic.com/firebasejs/releases.json [none]
[debug] [2023-05-01T10:30:43.705Z] <<< [apiv2][status] GET https://www.gstatic.com/firebasejs/releases.json 200
[debug] [2023-05-01T10:30:43.711Z] <<< [apiv2][body] GET https://www.gstatic.com/firebasejs/releases.json {"current":{"version":"9.21.0","browserURL":"https://www.gstatic.com/firebasejs/9.21.0/firebase.js","packageURL":"https://www.gstatic.com/firebasejs/9.21.0/firebase.tgz"},"live":{"version":"9.21","browserURL":"https://www.gstatic.com/firebasejs/live/9.21/firebase.js","packageURL":"https://www.gstatic.com/firebasejs/live/9.21/firebase.tgz"},"components":{"analytics":"https://www.gstatic.com/firebasejs/9.21.0/firebase-analytics.js","app":"https://www.gstatic.com/firebasejs/9.21.0/firebase-app.js","app-check":"https://www.gstatic.com/firebasejs/9.21.0/firebase-app-check.js","auth":"https://www.gstatic.com/firebasejs/9.21.0/firebase-auth.js","auth/cordova":"https://www.gstatic.com/firebasejs/9.21.0/firebase-auth/cordova.js","auth/react-native":"https://www.gstatic.com/firebasejs/9.21.0/firebase-auth/react-native.js","functions":"https://www.gstatic.com/firebasejs/9.21.0/firebase-functions.js","firestore":"https://www.gstatic.com/firebasejs/9.21.0/firebase-firestore.js","firestore/lite":"https://www.gstatic.com/firebasejs/9.21.0/firebase-firestore/lite.js","installations":"https://www.gstatic.com/firebasejs/9.21.0/firebase-installations.js","storage":"https://www.gstatic.com/firebasejs/9.21.0/firebase-storage.js","performance":"https://www.gstatic.com/firebasejs/9.21.0/firebase-performance.js","remote-config":"https://www.gstatic.com/firebasejs/9.21.0/firebase-remote-config.js","messaging":"https://www.gstatic.com/firebasejs/9.21.0/firebase-messaging.js","messaging/sw":"https://www.gstatic.com/firebasejs/9.21.0/firebase-messaging/sw.js","database":"https://www.gstatic.com/firebasejs/9.21.0/firebase-database.js","firestore.memory":"https://www.gstatic.com/firebasejs/9.21.0/firebase-firestore.memory.js"}}
[info] ✔  Wrote public/index.html 
[info] 
[info] i  Didn't detect a .git folder. Assuming /Users/prashantbhalla/Desktop/yoyo is the project root. 
[info] i  Authorizing with GitHub to upload your service account to a GitHub repository's secrets store. 
[info] 
[info] Visit this URL on this device to log in:
[info] https://github.com/login/oauth/authorize?client_id=89cf50f02ac6aaed3484&state=45851097&redirect_uri=http%3A%2F%2Flocalhost%3A9005&scope=read%3Auser%20repo%20public_repo
[info] 
[info] Waiting for authentication...
[debug] [2023-05-01T10:33:16.815Z] >>> [apiv2][query] POST https://github.com/login/oauth/access_token [none]
[debug] [2023-05-01T10:33:16.817Z] >>> [apiv2][body] POST https://github.com/login/oauth/access_token [stream]
[debug] [2023-05-01T10:33:18.169Z] <<< [apiv2][status] POST https://github.com/login/oauth/access_token 200
[debug] [2023-05-01T10:33:18.170Z] <<< [apiv2][body] POST https://github.com/login/oauth/access_token {"access_token":"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","token_type":"bearer","scope":"read:user,repo"}
[debug] [2023-05-01T10:33:18.193Z] >>> [apiv2][query] GET https://api.github.com/user [none]
[debug] [2023-05-01T10:33:19.408Z] <<< [apiv2][status] GET https://api.github.com/user 200
[debug] [2023-05-01T10:33:19.410Z] <<< [apiv2][body] GET https://api.github.com/user {"login":"prashantbhalla8","id":72239907,"node_id":"MDQ6VXNlcjcyMjM5OTA3","avatar_url":"https://avatars.githubusercontent.com/u/72239907?v=4","gravatar_id":"","url":"https://api.github.com/users/prashantbhalla8","html_url":"https://github.com/prashantbhalla8","followers_url":"https://api.github.com/users/prashantbhalla8/followers","following_url":"https://api.github.com/users/prashantbhalla8/following{/other_user}","gists_url":"https://api.github.com/users/prashantbhalla8/gists{/gist_id}","starred_url":"https://api.github.com/users/prashantbhalla8/starred{/owner}{/repo}","subscriptions_url":"https://api.github.com/users/prashantbhalla8/subscriptions","organizations_url":"https://api.github.com/users/prashantbhalla8/orgs","repos_url":"https://api.github.com/users/prashantbhalla8/repos","events_url":"https://api.github.com/users/prashantbhalla8/events{/privacy}","received_events_url":"https://api.github.com/users/prashantbhalla8/received_events","type":"User","site_admin":false,"name":null,"company":null,"blog":"","location":null,"email":null,"hireable":null,"bio":null,"twitter_username":null,"public_repos":7,"public_gists":0,"followers":0,"following":0,"created_at":"2020-10-02T02:58:24Z","updated_at":"2023-05-01T10:33:11Z","private_gists":0,"total_private_repos":3,"owned_private_repos":3,"disk_usage":13480,"collaborators":0,"two_factor_authentication":false,"plan":{"name":"pro","space":976562499,"collaborators":0,"private_repos":9999}}
[info] 
[info] ✔  Success! Logged into GitHub as prashantbhalla8 
[info] 
[debug] [2023-05-01T10:33:37.509Z] >>> [apiv2][query] GET https://api.github.com/repos/u/actions/secrets/public-key type=owner
[debug] [2023-05-01T10:33:38.145Z] >>> [apiv2][query] GET https://api.github.com/repos//actions/secrets/public-key type=owner
[debug] [2023-05-01T10:33:38.420Z] <<< [apiv2][status] GET https://api.github.com/repos/u/actions/secrets/public-key 404
[debug] [2023-05-01T10:33:38.421Z] <<< [apiv2][body] GET https://api.github.com/repos/u/actions/secrets/public-key {"message":"Not Found","documentation_url":"https://docs.github.com/rest"}
[info] 
[info] 
[error] ⚠  The provided authorization cannot be used with this repository. If this repository is in an organization, did you remember to grant access? 
[info] 
[info] i  Action required: Visit this URL to ensure access has been granted to the appropriate organization(s) for the Firebase CLI GitHub OAuth App: 
[info] https://github.com/settings/connections/applications/89cf50f02ac6aaed3484
[info] 
[debug] [2023-05-01T10:33:39.050Z] <<< [apiv2][status] GET https://api.github.com/repos//actions/secrets/public-key 404
[debug] [2023-05-01T10:33:39.051Z] <<< [apiv2][body] GET https://api.github.com/repos//actions/secrets/public-key {"message":"Not Found","documentation_url":"https://docs.github.com/rest"}
[info] 
[info] 
[error] ⚠  The provided authorization cannot be used with this repository. If this repository is in an organization, did you remember to grant access? 
[info] 
[info] i  Action required: Visit this URL to ensure access has been granted to the appropriate organization(s) for the Firebase CLI GitHub OAuth App: 
[info] https://github.com/settings/connections/applications/89cf50f02ac6aaed3484
[info] 
[debug] [2023-05-01T10:34:25.640Z] >>> [apiv2][query] GET https://api.github.com/repos/r/actions/secrets/public-key type=owner
[debug] [2023-05-01T10:34:26.689Z] <<< [apiv2][status] GET https://api.github.com/repos/r/actions/secrets/public-key 404
[debug] [2023-05-01T10:34:26.690Z] <<< [apiv2][body] GET https://api.github.com/repos/r/actions/secrets/public-key {"message":"Not Found","documentation_url":"https://docs.github.com/rest"}
[info] 
[info] 
[error] ⚠  The provided authorization cannot be used with this repository. If this repository is in an organization, did you remember to grant access? 
[info] 
[info] i  Action required: Visit this URL to ensure access has been granted to the appropriate organization(s) for the Firebase CLI GitHub OAuth App: 
[info] https://github.com/settings/connections/applications/89cf50f02ac6aaed3484
[info] 
